mode: set
github.com/jilio/ebu/cqrs.go:54.43,58.2 3 1
github.com/jilio/ebu/cqrs.go:60.47,64.2 3 1
github.com/jilio/ebu/cqrs.go:66.55,72.2 5 1
github.com/jilio/ebu/cqrs.go:74.52,78.2 3 1
github.com/jilio/ebu/cqrs.go:81.54,86.24 3 1
github.com/jilio/ebu/cqrs.go:86.24,87.44 1 1
github.com/jilio/ebu/cqrs.go:87.44,89.4 1 1
github.com/jilio/ebu/cqrs.go:92.2,94.12 3 1
github.com/jilio/ebu/cqrs.go:98.49,102.24 3 1
github.com/jilio/ebu/cqrs.go:102.24,103.44 1 1
github.com/jilio/ebu/cqrs.go:103.44,105.4 1 1
github.com/jilio/ebu/cqrs.go:107.2,108.12 2 1
github.com/jilio/ebu/cqrs.go:112.62,116.31 3 1
github.com/jilio/ebu/cqrs.go:116.31,117.25 1 1
github.com/jilio/ebu/cqrs.go:117.25,118.45 1 1
github.com/jilio/ebu/cqrs.go:118.45,120.5 1 1
github.com/jilio/ebu/cqrs.go:122.3,122.14 1 1
github.com/jilio/ebu/cqrs.go:124.2,124.12 1 1
github.com/jilio/ebu/cqrs.go:128.61,138.2 4 1
github.com/jilio/ebu/cqrs.go:141.82,146.56 4 1
github.com/jilio/ebu/cqrs.go:146.56,148.3 1 1
github.com/jilio/ebu/cqrs.go:150.2,150.43 1 1
github.com/jilio/ebu/cqrs.go:150.43,152.3 1 1
github.com/jilio/ebu/cqrs.go:154.2,157.12 3 1
github.com/jilio/ebu/cqrs.go:183.133,184.36 1 1
github.com/jilio/ebu/cqrs.go:184.36,186.3 1 1
github.com/jilio/ebu/cqrs.go:190.151,191.36 1 1
github.com/jilio/ebu/cqrs.go:191.36,193.3 1 1
github.com/jilio/ebu/cqrs.go:197.108,203.27 2 1
github.com/jilio/ebu/cqrs.go:203.27,205.3 1 1
github.com/jilio/ebu/cqrs.go:207.2,207.11 1 1
github.com/jilio/ebu/cqrs.go:211.84,215.2 3 1
github.com/jilio/ebu/cqrs.go:218.87,225.9 6 1
github.com/jilio/ebu/cqrs.go:225.9,227.3 1 1
github.com/jilio/ebu/cqrs.go:230.2,230.23 1 1
github.com/jilio/ebu/cqrs.go:230.23,231.55 1 1
github.com/jilio/ebu/cqrs.go:231.55,233.4 1 1
github.com/jilio/ebu/cqrs.go:237.2,240.24 2 1
github.com/jilio/ebu/cqrs.go:240.24,242.3 1 1
github.com/jilio/ebu/cqrs.go:244.2,244.16 1 1
github.com/jilio/ebu/cqrs.go:244.16,246.3 1 1
github.com/jilio/ebu/cqrs.go:249.2,249.31 1 1
github.com/jilio/ebu/cqrs.go:249.31,251.3 1 1
github.com/jilio/ebu/cqrs.go:253.2,253.12 1 1
github.com/jilio/ebu/cqrs.go:272.77,273.34 1 1
github.com/jilio/ebu/cqrs.go:273.34,277.3 3 1
github.com/jilio/ebu/cqrs.go:281.141,282.34 1 1
github.com/jilio/ebu/cqrs.go:282.34,284.3 1 1
github.com/jilio/ebu/cqrs.go:288.80,293.27 2 1
github.com/jilio/ebu/cqrs.go:293.27,295.3 1 1
github.com/jilio/ebu/cqrs.go:297.2,297.11 1 1
github.com/jilio/ebu/cqrs.go:301.82,305.2 3 1
github.com/jilio/ebu/cqrs.go:308.94,315.9 6 1
github.com/jilio/ebu/cqrs.go:315.9,317.3 1 1
github.com/jilio/ebu/cqrs.go:321.2,324.24 2 1
github.com/jilio/ebu/cqrs.go:324.24,326.3 1 1
github.com/jilio/ebu/cqrs.go:328.2,328.20 1 1
github.com/jilio/ebu/cqrs.go:346.106,347.40 1 1
github.com/jilio/ebu/cqrs.go:347.40,349.3 1 1
github.com/jilio/ebu/cqrs.go:353.63,354.40 1 1
github.com/jilio/ebu/cqrs.go:354.40,356.3 1 1
github.com/jilio/ebu/cqrs.go:360.112,366.27 2 1
github.com/jilio/ebu/cqrs.go:366.27,368.3 1 1
github.com/jilio/ebu/cqrs.go:370.2,370.11 1 1
github.com/jilio/ebu/cqrs.go:375.74,376.23 1 1
github.com/jilio/ebu/cqrs.go:376.23,378.3 1 1
github.com/jilio/ebu/cqrs.go:380.2,380.30 1 1
github.com/jilio/ebu/cqrs.go:380.30,382.3 1 1
github.com/jilio/ebu/cqrs.go:384.2,392.12 4 1
github.com/jilio/ebu/cqrs.go:396.81,399.35 3 1
github.com/jilio/ebu/cqrs.go:399.35,401.3 1 1
github.com/jilio/ebu/cqrs.go:402.2,406.59 4 1
github.com/jilio/ebu/cqrs.go:406.59,407.55 1 1
github.com/jilio/ebu/cqrs.go:407.55,408.27 1 1
github.com/jilio/ebu/cqrs.go:408.27,411.5 2 1
github.com/jilio/ebu/cqrs.go:412.4,412.14 1 1
github.com/jilio/ebu/cqrs.go:414.3,414.13 1 1
github.com/jilio/ebu/cqrs.go:417.2,417.11 1 1
github.com/jilio/ebu/cqrs.go:417.11,419.42 2 1
github.com/jilio/ebu/cqrs.go:419.42,421.29 2 1
github.com/jilio/ebu/cqrs.go:421.29,424.5 2 1
github.com/jilio/ebu/cqrs.go:426.3,427.13 2 1
github.com/jilio/ebu/cqrs.go:430.2,430.41 1 1
github.com/jilio/ebu/cqrs.go:430.41,431.54 1 1
github.com/jilio/ebu/cqrs.go:431.54,433.4 1 1
github.com/jilio/ebu/cqrs.go:435.2,435.12 1 1
github.com/jilio/ebu/cqrs.go:439.70,444.2 4 1
github.com/jilio/ebu/cqrs.go:463.108,469.2 1 1
github.com/jilio/ebu/cqrs.go:472.86,477.37 3 1
github.com/jilio/ebu/cqrs.go:477.37,479.3 1 1
github.com/jilio/ebu/cqrs.go:482.2,483.36 2 1
github.com/jilio/ebu/cqrs.go:483.36,484.53 1 1
github.com/jilio/ebu/cqrs.go:484.53,487.4 2 1
github.com/jilio/ebu/cqrs.go:490.2,490.17 1 1
github.com/jilio/ebu/cqrs.go:494.83,511.2 8 1
github.com/jilio/ebu/cqrs.go:524.24,525.55 1 1
github.com/jilio/ebu/cqrs.go:525.55,533.10 3 1
github.com/jilio/ebu/cqrs.go:533.10,535.4 1 1
github.com/jilio/ebu/cqrs.go:537.3,541.17 3 1
github.com/jilio/ebu/cqrs.go:541.17,544.4 1 1
github.com/jilio/ebu/cqrs.go:547.3,547.47 1 1
github.com/jilio/ebu/cqrs.go:547.47,549.4 1 1
github.com/jilio/ebu/cqrs.go:552.3,555.46 2 1
github.com/jilio/ebu/cqrs.go:555.46,557.4 1 1
github.com/jilio/ebu/cqrs.go:559.3,559.21 1 1
github.com/jilio/ebu/cqrs.go:567.90,568.59 1 1
github.com/jilio/ebu/cqrs.go:568.59,570.3 1 1
github.com/jilio/ebu/cqrs.go:579.9,581.41 1 1
github.com/jilio/ebu/cqrs.go:581.41,582.49 1 1
github.com/jilio/ebu/cqrs.go:582.49,584.4 1 1
github.com/jilio/ebu/cqrs.go:588.2,588.39 1 1
github.com/jilio/ebu/cqrs.go:588.39,590.3 1 1
github.com/jilio/ebu/cqrs.go:592.2,592.12 1 1
github.com/jilio/ebu/event_bus.go:61.39,67.27 2 1
github.com/jilio/ebu/event_bus.go:67.27,69.3 1 1
github.com/jilio/ebu/event_bus.go:71.2,71.12 1 1
github.com/jilio/ebu/event_bus.go:75.29,76.34 1 1
github.com/jilio/ebu/event_bus.go:76.34,78.3 1 1
github.com/jilio/ebu/event_bus.go:83.45,84.34 1 1
github.com/jilio/ebu/event_bus.go:84.34,87.3 2 1
github.com/jilio/ebu/event_bus.go:91.89,93.16 1 1
github.com/jilio/ebu/event_bus.go:93.16,95.3 1 1
github.com/jilio/ebu/event_bus.go:98.2,98.20 1 1
github.com/jilio/ebu/event_bus.go:98.20,100.3 1 1
github.com/jilio/ebu/event_bus.go:102.2,111.27 3 1
github.com/jilio/ebu/event_bus.go:111.27,112.17 1 1
github.com/jilio/ebu/event_bus.go:112.17,114.4 1 1
github.com/jilio/ebu/event_bus.go:115.3,115.9 1 1
github.com/jilio/ebu/event_bus.go:118.2,122.12 4 1
github.com/jilio/ebu/event_bus.go:126.103,128.16 1 1
github.com/jilio/ebu/event_bus.go:128.16,130.3 1 1
github.com/jilio/ebu/event_bus.go:133.2,133.20 1 1
github.com/jilio/ebu/event_bus.go:133.20,135.3 1 1
github.com/jilio/ebu/event_bus.go:137.2,147.27 3 1
github.com/jilio/ebu/event_bus.go:147.27,148.17 1 1
github.com/jilio/ebu/event_bus.go:148.17,150.4 1 1
github.com/jilio/ebu/event_bus.go:151.3,151.9 1 1
github.com/jilio/ebu/event_bus.go:154.2,158.12 4 1
github.com/jilio/ebu/event_bus.go:163.64,171.13 6 1
github.com/jilio/ebu/event_bus.go:171.13,173.3 1 1
github.com/jilio/ebu/event_bus.go:175.2,175.29 1 1
github.com/jilio/ebu/event_bus.go:175.29,176.57 1 1
github.com/jilio/ebu/event_bus.go:176.57,180.4 2 1
github.com/jilio/ebu/event_bus.go:183.2,183.69 1 1
github.com/jilio/ebu/event_bus.go:187.45,189.2 1 1
github.com/jilio/ebu/event_bus.go:192.73,200.23 5 1
github.com/jilio/ebu/event_bus.go:200.23,202.3 1 1
github.com/jilio/ebu/event_bus.go:204.2,206.13 3 1
github.com/jilio/ebu/event_bus.go:206.13,214.23 5 1
github.com/jilio/ebu/event_bus.go:214.23,216.4 1 1
github.com/jilio/ebu/event_bus.go:217.3,217.9 1 1
github.com/jilio/ebu/event_bus.go:221.2,226.33 4 1
github.com/jilio/ebu/event_bus.go:226.33,228.23 1 1
github.com/jilio/ebu/event_bus.go:228.23,230.9 1 1
github.com/jilio/ebu/event_bus.go:234.3,234.64 1 1
github.com/jilio/ebu/event_bus.go:234.64,236.12 1 1
github.com/jilio/ebu/event_bus.go:239.3,239.14 1 1
github.com/jilio/ebu/event_bus.go:239.14,241.67 2 1
github.com/jilio/ebu/event_bus.go:241.67,243.27 2 1
github.com/jilio/ebu/event_bus.go:243.27,246.6 2 1
github.com/jilio/ebu/event_bus.go:248.5,248.33 1 1
github.com/jilio/ebu/event_bus.go:248.33,250.6 1 1
github.com/jilio/ebu/event_bus.go:251.5,251.74 1 1
github.com/jilio/ebu/event_bus.go:253.9,255.4 1 1
github.com/jilio/ebu/event_bus.go:260.2,262.24 3 1
github.com/jilio/ebu/event_bus.go:262.24,270.23 5 1
github.com/jilio/ebu/event_bus.go:270.23,272.4 1 1
github.com/jilio/ebu/event_bus.go:273.3,273.9 1 1
github.com/jilio/ebu/event_bus.go:277.2,278.29 2 1
github.com/jilio/ebu/event_bus.go:278.29,279.52 1 1
github.com/jilio/ebu/event_bus.go:279.52,281.9 2 1
github.com/jilio/ebu/event_bus.go:285.2,285.21 1 1
github.com/jilio/ebu/event_bus.go:285.21,288.30 2 1
github.com/jilio/ebu/event_bus.go:288.30,290.54 1 1
github.com/jilio/ebu/event_bus.go:290.54,292.5 1 1
github.com/jilio/ebu/event_bus.go:294.3,294.40 1 1
github.com/jilio/ebu/event_bus.go:296.2,303.22 5 1
github.com/jilio/ebu/event_bus.go:303.22,305.3 1 1
github.com/jilio/ebu/event_bus.go:309.113,310.15 1 1
github.com/jilio/ebu/event_bus.go:310.15,311.31 1 1
github.com/jilio/ebu/event_bus.go:311.31,312.27 1 1
github.com/jilio/ebu/event_bus.go:312.27,314.5 1 1
github.com/jilio/ebu/event_bus.go:318.2,318.22 1 1
github.com/jilio/ebu/event_bus.go:318.22,319.50 1 1
github.com/jilio/ebu/event_bus.go:319.50,321.4 1 1
github.com/jilio/ebu/event_bus.go:321.9,321.66 1 1
github.com/jilio/ebu/event_bus.go:321.66,324.4 1 1
github.com/jilio/ebu/event_bus.go:324.9,324.72 1 1
github.com/jilio/ebu/event_bus.go:324.72,327.4 1 1
github.com/jilio/ebu/event_bus.go:328.8,329.43 1 1
github.com/jilio/ebu/event_bus.go:329.43,331.4 1 1
github.com/jilio/ebu/event_bus.go:336.48,344.2 5 1
github.com/jilio/ebu/event_bus.go:347.34,349.2 1 1
github.com/jilio/ebu/event_bus.go:352.34,359.2 4 1
github.com/jilio/ebu/event_bus.go:362.33,367.2 3 1
github.com/jilio/ebu/event_bus.go:370.60,375.2 3 1
github.com/jilio/ebu/event_bus.go:378.61,383.2 3 1
github.com/jilio/ebu/event_bus.go:386.60,391.2 3 1
github.com/jilio/ebu/persist.go:39.44,40.29 1 1
github.com/jilio/ebu/persist.go:40.29,45.53 3 1
github.com/jilio/ebu/persist.go:45.53,47.4 1 1
github.com/jilio/ebu/persist.go:50.3,51.63 2 1
github.com/jilio/ebu/persist.go:51.63,53.27 1 1
github.com/jilio/ebu/persist.go:53.27,55.5 1 1
github.com/jilio/ebu/persist.go:57.4,57.38 1 1
github.com/jilio/ebu/persist.go:63.70,64.22 1 1
github.com/jilio/ebu/persist.go:64.22,66.3 1 1
github.com/jilio/ebu/persist.go:68.2,74.16 6 1
github.com/jilio/ebu/persist.go:74.16,77.3 1 1
github.com/jilio/ebu/persist.go:80.2,81.43 2 1
github.com/jilio/ebu/persist.go:81.43,83.3 1 1
github.com/jilio/ebu/persist.go:85.2,93.29 3 1
github.com/jilio/ebu/persist.go:97.102,98.22 1 1
github.com/jilio/ebu/persist.go:98.22,100.3 1 1
github.com/jilio/ebu/persist.go:102.2,107.16 5 1
github.com/jilio/ebu/persist.go:107.16,109.3 1 1
github.com/jilio/ebu/persist.go:111.2,111.31 1 1
github.com/jilio/ebu/persist.go:111.31,112.40 1 1
github.com/jilio/ebu/persist.go:112.40,114.4 1 1
github.com/jilio/ebu/persist.go:117.2,117.12 1 1
github.com/jilio/ebu/persist.go:121.42,123.2 1 1
github.com/jilio/ebu/persist.go:126.44,128.2 1 1
github.com/jilio/ebu/persist.go:136.9,137.22 1 1
github.com/jilio/ebu/persist.go:137.22,139.3 1 1
github.com/jilio/ebu/persist.go:141.2,150.43 5 1
github.com/jilio/ebu/persist.go:150.43,152.3 1 1
github.com/jilio/ebu/persist.go:153.2,153.68 1 1
github.com/jilio/ebu/persist.go:153.68,155.30 1 1
github.com/jilio/ebu/persist.go:155.30,157.4 1 1
github.com/jilio/ebu/persist.go:159.3,160.61 2 1
github.com/jilio/ebu/persist.go:160.61,162.4 1 1
github.com/jilio/ebu/persist.go:164.3,168.13 3 1
github.com/jilio/ebu/persist.go:171.2,171.16 1 1
github.com/jilio/ebu/persist.go:171.16,173.3 1 1
github.com/jilio/ebu/persist.go:176.2,176.34 1 1
github.com/jilio/ebu/persist.go:176.34,185.3 5 1
github.com/jilio/ebu/persist.go:187.2,187.48 1 1
github.com/jilio/ebu/persist.go:198.36,203.2 1 1
github.com/jilio/ebu/persist.go:206.75,214.2 5 1
github.com/jilio/ebu/persist.go:217.89,222.33 4 1
github.com/jilio/ebu/persist.go:222.33,223.67 1 1
github.com/jilio/ebu/persist.go:223.67,225.4 1 1
github.com/jilio/ebu/persist.go:228.2,228.20 1 1
github.com/jilio/ebu/persist.go:232.71,236.24 3 1
github.com/jilio/ebu/persist.go:236.24,238.3 1 1
github.com/jilio/ebu/persist.go:240.2,240.48 1 1
github.com/jilio/ebu/persist.go:244.114,250.2 4 1
github.com/jilio/ebu/persist.go:253.107,258.9 4 1
github.com/jilio/ebu/persist.go:258.9,260.3 1 1
github.com/jilio/ebu/persist.go:262.2,262.17 1 1
github.com/jilio/ebu/snapshot.go:49.111,51.2 1 1
github.com/jilio/ebu/snapshot.go:54.43,55.12 1 1
github.com/jilio/ebu/snapshot.go:55.12,57.3 1 1
github.com/jilio/ebu/snapshot.go:58.2,58.100 1 1
github.com/jilio/ebu/snapshot.go:58.100,60.3 1 1
github.com/jilio/ebu/snapshot.go:64.58,65.100 1 1
github.com/jilio/ebu/snapshot.go:65.100,67.3 1 1
github.com/jilio/ebu/snapshot.go:71.29,72.100 1 1
github.com/jilio/ebu/snapshot.go:72.100,74.3 1 1
github.com/jilio/ebu/snapshot.go:78.58,79.100 1 1
github.com/jilio/ebu/snapshot.go:79.100,80.35 1 1
github.com/jilio/ebu/snapshot.go:80.35,81.77 1 1
github.com/jilio/ebu/snapshot.go:81.77,83.5 1 1
github.com/jilio/ebu/snapshot.go:85.3,85.15 1 1
github.com/jilio/ebu/snapshot.go:104.86,105.19 1 1
github.com/jilio/ebu/snapshot.go:105.19,107.3 1 1
github.com/jilio/ebu/snapshot.go:108.2,112.3 1 1
github.com/jilio/ebu/snapshot.go:116.143,117.21 1 1
github.com/jilio/ebu/snapshot.go:117.21,119.3 1 1
github.com/jilio/ebu/snapshot.go:121.2,125.13 4 1
github.com/jilio/ebu/snapshot.go:125.13,127.3 1 1
github.com/jilio/ebu/snapshot.go:129.2,129.78 1 1
github.com/jilio/ebu/snapshot.go:129.78,131.3 1 1
github.com/jilio/ebu/snapshot.go:134.2,135.16 2 1
github.com/jilio/ebu/snapshot.go:135.16,137.3 1 1
github.com/jilio/ebu/snapshot.go:139.2,147.53 2 1
github.com/jilio/ebu/snapshot.go:147.53,149.3 1 1
github.com/jilio/ebu/snapshot.go:152.2,159.12 4 1
github.com/jilio/ebu/snapshot.go:163.101,164.21 1 1
github.com/jilio/ebu/snapshot.go:164.21,166.3 1 1
github.com/jilio/ebu/snapshot.go:167.2,167.40 1 1
github.com/jilio/ebu/snapshot.go:177.52,181.2 1 1
github.com/jilio/ebu/snapshot.go:184.83,185.21 1 1
github.com/jilio/ebu/snapshot.go:185.21,187.3 1 1
github.com/jilio/ebu/snapshot.go:188.2,188.32 1 1
github.com/jilio/ebu/snapshot.go:188.32,190.3 1 1
github.com/jilio/ebu/snapshot.go:192.2,197.12 4 1
github.com/jilio/ebu/snapshot.go:201.96,202.23 1 1
github.com/jilio/ebu/snapshot.go:202.23,204.3 1 1
github.com/jilio/ebu/snapshot.go:206.2,210.13 4 1
github.com/jilio/ebu/snapshot.go:210.13,212.3 1 1
github.com/jilio/ebu/snapshot.go:215.2,216.27 2 1
github.com/jilio/ebu/snapshot.go:220.85,221.23 1 1
github.com/jilio/ebu/snapshot.go:221.23,223.3 1 1
github.com/jilio/ebu/snapshot.go:225.2,229.12 4 1
github.com/jilio/ebu/snapshot.go:233.74,234.29 1 1
github.com/jilio/ebu/snapshot.go:234.29,236.28 1 1
github.com/jilio/ebu/snapshot.go:236.28,238.4 1 1
github.com/jilio/ebu/snapshot.go:239.3,239.73 1 1
github.com/jilio/ebu/snapshot.go:244.57,245.27 1 1
github.com/jilio/ebu/snapshot.go:245.27,247.3 1 1
github.com/jilio/ebu/snapshot.go:248.2,248.73 1 1
github.com/jilio/ebu/snapshot.go:248.73,250.3 1 1
github.com/jilio/ebu/snapshot.go:251.2,251.12 1 1
github.com/jilio/ebu/snapshot.go:261.14,263.23 2 1
github.com/jilio/ebu/snapshot.go:263.23,265.3 1 1
github.com/jilio/ebu/snapshot.go:268.2,273.26 3 1
github.com/jilio/ebu/snapshot.go:273.26,275.36 2 1
github.com/jilio/ebu/snapshot.go:275.36,277.89 1 1
github.com/jilio/ebu/snapshot.go:277.89,279.5 1 1
github.com/jilio/ebu/snapshot.go:280.4,280.34 1 1
github.com/jilio/ebu/snapshot.go:286.2,286.23 1 1
github.com/jilio/ebu/snapshot.go:286.23,288.17 2 1
github.com/jilio/ebu/snapshot.go:288.17,290.4 1 1
github.com/jilio/ebu/snapshot.go:293.3,294.38 2 1
github.com/jilio/ebu/snapshot.go:294.38,299.71 2 1
github.com/jilio/ebu/snapshot.go:299.71,300.13 1 1
github.com/jilio/ebu/snapshot.go:305.4,305.83 1 1
github.com/jilio/ebu/snapshot.go:305.83,309.68 2 1
github.com/jilio/ebu/snapshot.go:309.68,311.6 1 1
github.com/jilio/ebu/snapshot.go:316.3,316.31 1 1
github.com/jilio/ebu/snapshot.go:316.31,317.69 1 1
github.com/jilio/ebu/snapshot.go:317.69,319.5 1 1
github.com/jilio/ebu/snapshot.go:323.2,323.23 1 1
github.com/jilio/ebu/snapshot.go:332.9,335.31 2 1
github.com/jilio/ebu/snapshot.go:335.31,338.17 2 1
github.com/jilio/ebu/snapshot.go:338.17,340.4 1 1
github.com/jilio/ebu/snapshot.go:343.3,351.59 2 1
github.com/jilio/ebu/snapshot.go:351.59,353.4 1 1
github.com/jilio/ebu/snapshot.go:357.2,360.28 2 1
github.com/jilio/ebu/snapshot.go:360.28,361.129 1 1
github.com/jilio/ebu/snapshot.go:361.129,365.4 1 1
github.com/jilio/ebu/snapshot.go:368.2,368.12 1 1
